TN:
SF:src/db.ts
FN:19,Db
FN:21,onLoad
FN:36,_loadData
FNF:3
FNH:3
FNDA:6,Db
FNDA:6,onLoad
FNDA:36,_loadData
DA:1,1
DA:2,1
DA:3,1
DA:4,1
DA:5,1
DA:6,1
DA:7,1
DA:8,1
DA:9,1
DA:10,1
DA:11,1
DA:12,1
DA:13,1
DA:14,1
DA:15,1
DA:16,1
DA:17,1
DA:18,1
DA:19,1
DA:20,1
DA:21,1
DA:22,6
DA:23,6
DA:24,6
DA:25,6
DA:26,6
DA:27,6
DA:28,6
DA:29,6
DA:30,6
DA:31,6
DA:32,6
DA:33,6
DA:34,6
DA:35,1
DA:36,1
DA:37,36
DA:38,36
DA:39,36
DA:40,36
DA:41,1
DA:42,1
DA:43,1
DA:44,1
DA:45,1
DA:46,1
DA:47,1
DA:48,1
DA:49,1
DA:50,1
DA:51,1
DA:52,1
DA:53,1
DA:54,1
DA:55,1
DA:56,1
DA:57,1
DA:58,1
DA:59,1
DA:60,1
DA:61,1
LF:61
LH:61
BRDA:19,0,0,6
BRDA:21,1,0,6
BRDA:36,2,0,36
BRF:3
BRH:3
end_of_record
TN:
SF:src/albums/album-service.ts
FN:10,AlbumService
FN:20,findAll
FN:24,findById
FN:34,findByUser
FN:38,findAlbumPhotos
FNF:5
FNH:2
FNDA:6,AlbumService
FNDA:0,findAll
FNDA:0,findById
FNDA:1,findByUser
FNDA:0,findAlbumPhotos
DA:1,1
DA:2,1
DA:3,1
DA:4,1
DA:5,1
DA:6,1
DA:7,1
DA:8,1
DA:9,1
DA:10,1
DA:11,6
DA:12,6
DA:13,6
DA:14,6
DA:15,600
DA:16,6
DA:17,6
DA:18,6
DA:19,1
DA:20,1
DA:21,0
DA:22,0
DA:23,1
DA:24,1
DA:25,0
DA:26,0
DA:27,0
DA:28,0
DA:29,0
DA:30,0
DA:31,0
DA:32,1
DA:33,1
DA:34,1
DA:35,1
DA:36,1
DA:37,1
DA:38,1
DA:39,0
DA:40,0
DA:41,1
LF:41
LH:30
BRDA:10,0,0,6
BRDA:14,1,0,600
BRDA:34,2,0,1
BRDA:35,3,0,100
BRF:4
BRH:4
end_of_record
TN:
SF:src/comments/comment-service.ts
FN:7,CommentService
FN:16,findAll
FN:20,findById
FN:29,findByPost
FNF:4
FNH:1
FNDA:6,CommentService
FNDA:0,findAll
FNDA:0,findById
FNDA:0,findByPost
DA:1,1
DA:2,1
DA:3,1
DA:4,1
DA:5,1
DA:6,1
DA:7,1
DA:8,6
DA:9,6
DA:10,6
DA:11,3000
DA:12,6
DA:13,6
DA:14,6
DA:15,1
DA:16,1
DA:17,0
DA:18,0
DA:19,1
DA:20,1
DA:21,0
DA:22,0
DA:23,0
DA:24,0
DA:25,0
DA:26,0
DA:27,0
DA:28,1
DA:29,1
DA:30,0
DA:31,0
DA:32,1
LF:32
LH:21
BRDA:7,0,0,6
BRDA:10,1,0,3000
BRF:2
BRH:2
end_of_record
TN:
SF:src/photos/photo-service.ts
FN:7,PhotoService
FN:16,findAll
FN:20,findById
FN:29,findForAlbum
FNF:4
FNH:1
FNDA:6,PhotoService
FNDA:0,findAll
FNDA:0,findById
FNDA:0,findForAlbum
DA:1,1
DA:2,1
DA:3,1
DA:4,1
DA:5,1
DA:6,1
DA:7,1
DA:8,6
DA:9,6
DA:10,6
DA:11,30000
DA:12,6
DA:13,6
DA:14,6
DA:15,1
DA:16,1
DA:17,0
DA:18,0
DA:19,1
DA:20,1
DA:21,0
DA:22,0
DA:23,0
DA:24,0
DA:25,0
DA:26,0
DA:27,0
DA:28,1
DA:29,1
DA:30,0
DA:31,0
DA:32,1
LF:32
LH:21
BRDA:7,0,0,6
BRDA:10,1,0,30000
BRF:2
BRH:2
end_of_record
TN:
SF:src/posts/post-service.ts
FN:9,PostService
FN:19,findAll
FN:23,findByUser
FN:27,findById
FN:36,findComments
FNF:5
FNH:2
FNDA:6,PostService
FNDA:0,findAll
FNDA:1,findByUser
FNDA:0,findById
FNDA:0,findComments
DA:1,1
DA:2,1
DA:3,1
DA:4,1
DA:5,1
DA:6,1
DA:7,1
DA:8,1
DA:9,1
DA:10,6
DA:11,6
DA:12,6
DA:13,6
DA:14,600
DA:15,6
DA:16,6
DA:17,6
DA:18,1
DA:19,1
DA:20,0
DA:21,0
DA:22,1
DA:23,1
DA:24,1
DA:25,1
DA:26,1
DA:27,1
DA:28,0
DA:29,0
DA:30,0
DA:31,0
DA:32,0
DA:33,0
DA:34,0
DA:35,1
DA:36,1
DA:37,0
DA:38,0
DA:39,1
LF:39
LH:28
BRDA:9,0,0,6
BRDA:13,1,0,600
BRDA:23,2,0,1
BRDA:24,3,0,100
BRF:4
BRH:4
end_of_record
TN:
SF:src/todos/todo-service.ts
FN:7,TodoService
FN:16,findAll
FN:20,findById
FN:29,findByUser
FNF:4
FNH:2
FNDA:6,TodoService
FNDA:0,findAll
FNDA:0,findById
FNDA:1,findByUser
DA:1,1
DA:2,1
DA:3,1
DA:4,1
DA:5,1
DA:6,1
DA:7,1
DA:8,6
DA:9,6
DA:10,6
DA:11,1200
DA:12,6
DA:13,6
DA:14,6
DA:15,1
DA:16,1
DA:17,0
DA:18,0
DA:19,1
DA:20,1
DA:21,0
DA:22,0
DA:23,0
DA:24,0
DA:25,0
DA:26,0
DA:27,0
DA:28,1
DA:29,1
DA:30,1
DA:31,1
DA:32,1
LF:32
LH:23
BRDA:7,0,0,6
BRDA:10,1,0,1200
BRDA:29,2,0,1
BRDA:30,3,0,200
BRF:4
BRH:4
end_of_record
TN:
SF:src/users/user-service.ts
FN:13,UserService
FN:25,findAll
FN:29,findById
FN:38,findTodos
FN:42,findAlbums
FN:46,findPosts
FNF:6
FNH:6
FNDA:6,UserService
FNDA:1,findAll
FNDA:2,findById
FNDA:1,findTodos
FNDA:1,findAlbums
FNDA:1,findPosts
DA:1,1
DA:2,1
DA:3,1
DA:4,1
DA:5,1
DA:6,1
DA:7,1
DA:8,1
DA:9,1
DA:10,1
DA:11,1
DA:12,1
DA:13,1
DA:14,6
DA:15,6
DA:16,6
DA:17,6
DA:18,6
DA:19,6
DA:20,60
DA:21,6
DA:22,6
DA:23,6
DA:24,1
DA:25,1
DA:26,1
DA:27,1
DA:28,1
DA:29,1
DA:30,2
DA:31,2
DA:32,1
DA:33,1
DA:34,1
DA:35,1
DA:36,1
DA:37,1
DA:38,1
DA:39,1
DA:40,1
DA:41,1
DA:42,1
DA:43,1
DA:44,1
DA:45,1
DA:46,1
DA:47,1
DA:48,1
DA:49,1
LF:49
LH:49
BRDA:13,0,0,6
BRDA:19,1,0,60
BRDA:25,2,0,1
BRDA:29,3,0,2
BRDA:31,4,0,1
BRDA:38,5,0,1
BRDA:42,6,0,1
BRDA:46,7,0,1
BRF:8
BRH:8
end_of_record
